[05-Nov-2024 18:06:47 Europe/Berlin] PHP Fatal error:  Uncaught Error: Call to undefined function getIdByName() in C:\xampp\htdocs\I-SMS\admin\upload.php:28
Stack trace:
#0 C:\xampp\htdocs\I-SMS\admin\upload.php(192): getStudentsForAnnouncement(Object(PDO), '41', Array, Array, Array)
#1 {main}
  thrown in C:\xampp\htdocs\I-SMS\admin\upload.php on line 28
[05-Nov-2024 18:11:19 Europe/Berlin] Students fetched: Array
(
)

[05-Nov-2024 18:16:07 Europe/Berlin] Students fetched: Array
(
)

[05-Nov-2024 18:19:25 Europe/Berlin] Students fetched: Array
(
)

[05-Nov-2024 18:35:40 Europe/Berlin] Students fetched: Array
(
)

[05-Nov-2024 18:46:19 Europe/Berlin] Students fetched: Array
(
)

[06-Nov-2024 03:57:12 Europe/Berlin] Students fetched: Array
(
)

[06-Nov-2024 05:17:25 Europe/Berlin] Final Query: SELECT DISTINCT s.student_id, s.contact_number
              FROM student s
              JOIN announcement_year_level ayl ON s.year_level_id = ayl.year_level_id
              JOIN announcement_department ad ON s.department_id = ad.department_id
              JOIN announcement_course ac ON s.course_id = ac.course_id
              WHERE ayl.announcement_id = ?
              AND ad.announcement_id = ?
              AND ac.announcement_id = ? AND s.year_level_id IN (?) AND s.department_id IN (?) AND s.course_id IN (?)
[06-Nov-2024 05:17:25 Europe/Berlin] Final Params: Array
(
    [0] => 49
    [1] => 49
    [2] => 49
    [3] => 3
    [4] => 1
    [5] => 10
)

[06-Nov-2024 05:17:25 Europe/Berlin] Students fetched: Array
(
)

[06-Nov-2024 07:22:24 Europe/Berlin] Final Query: SELECT DISTINCT s.student_id, s.contact_number
              FROM student s
              JOIN announcement_year_level ayl ON s.year_level_id = ayl.year_level_id
              JOIN announcement_department ad ON s.department_id = ad.department_id
              JOIN announcement_course ac ON s.course_id = ac.course_id
              WHERE ayl.announcement_id = ?
              AND ad.announcement_id = ?
              AND ac.announcement_id = ? AND s.year_level_id IN (?,?) AND s.department_id IN (?) AND s.course_id IN (?)
[06-Nov-2024 07:22:24 Europe/Berlin] Final Params: Array
(
    [0] => 50
    [1] => 50
    [2] => 50
    [3] => 1
    [4] => 3
    [5] => 1
    [6] => 10
)

[06-Nov-2024 07:22:24 Europe/Berlin] Students fetched: Array
(
)

[06-Nov-2024 07:33:40 Europe/Berlin] Final Query: SELECT DISTINCT s.student_id, s.contact_number
              FROM student s
              JOIN announcement_year_level ayl ON s.year_level_id = ayl.year_level_id
              JOIN announcement_department ad ON s.department_id = ad.department_id
              JOIN announcement_course ac ON s.course_id = ac.course_id
              WHERE ayl.announcement_id = ?
              AND ad.announcement_id = ?
              AND ac.announcement_id = ? AND s.year_level_id IN (?,?) AND s.department_id IN (?) AND s.course_id IN (?)
[06-Nov-2024 07:33:40 Europe/Berlin] Final Params: Array
(
    [0] => 51
    [1] => 51
    [2] => 51
    [3] => 1
    [4] => 3
    [5] => 1
    [6] => 10
)

[06-Nov-2024 07:33:40 Europe/Berlin] PHP Warning:  Array to string conversion in C:\xampp\htdocs\I-SMS\admin\upload.php on line 99
[06-Nov-2024 07:33:40 Europe/Berlin] ResultArray
[06-Nov-2024 07:33:40 Europe/Berlin] Students fetched: Array
(
)

[06-Nov-2024 07:36:32 Europe/Berlin] Final Query: SELECT DISTINCT s.student_id, s.contact_number
              FROM student s
              JOIN announcement_year_level ayl ON s.year_level_id = ayl.year_level_id
              JOIN announcement_department ad ON s.department_id = ad.department_id
              JOIN announcement_course ac ON s.course_id = ac.course_id
              WHERE ayl.announcement_id = ?
              AND ad.announcement_id = ?
              AND ac.announcement_id = ? AND s.year_level_id IN (?,?) AND s.department_id IN (?) AND s.course_id IN (?)
[06-Nov-2024 07:36:32 Europe/Berlin] Final Params: Array
(
    [0] => 52
    [1] => 52
    [2] => 52
    [3] => 1
    [4] => 3
    [5] => 1
    [6] => 10
)

[06-Nov-2024 07:36:32 Europe/Berlin] Result: Array
(
)

[06-Nov-2024 07:36:32 Europe/Berlin] Students fetched: Array
(
)

[06-Nov-2024 07:51:55 Europe/Berlin] Final Query: SELECT DISTINCT s.student_id, s.contact_number
              FROM student s
              JOIN announcement_year_level ayl ON s.year_level_id = ayl.year_level_id
              JOIN announcement_department ad ON s.department_id = ad.department_id
              JOIN announcement_course ac ON s.course_id = ac.course_id
              WHERE ayl.announcement_id = ?
              AND ad.announcement_id = ?
              AND ac.announcement_id = ? AND s.year_level_id IN (?,?) AND s.department_id IN (?) AND s.course_id IN (?)
[06-Nov-2024 07:51:55 Europe/Berlin] Final Params: Array
(
    [0] => 53
    [1] => 53
    [2] => 53
    [3] => 1
    [4] => 3
    [5] => 1
    [6] => 10
)

[06-Nov-2024 07:51:55 Europe/Berlin] Result: Array
(
)

[06-Nov-2024 07:51:55 Europe/Berlin] Students fetched: Array
(
)

[06-Nov-2024 07:59:03 Europe/Berlin] Final Query: SELECT DISTINCT s.student_id, s.contact_number
              FROM student s
              JOIN announcement_year_level ayl ON s.year_level_id = ayl.year_level_id
              JOIN announcement_department ad ON s.department_id = ad.department_id
              JOIN announcement_course ac ON s.course_id = ac.course_id
              WHERE ayl.announcement_id = 54
              AND ad.announcement_id = 54
              AND ac.announcement_id = 54 AND s.year_level_id IN (1,3) AND s.department_id IN (1) AND s.course_id IN (10)
[06-Nov-2024 07:59:03 Europe/Berlin] Result: Array
(
)

[06-Nov-2024 07:59:03 Europe/Berlin] Students fetched: Array
(
)

[06-Nov-2024 08:03:42 Europe/Berlin] Result: Array
(
)

[06-Nov-2024 08:03:42 Europe/Berlin] Students fetched: Array
(
)

[06-Nov-2024 08:10:45 Europe/Berlin] Result: Array
(
)

[06-Nov-2024 08:10:45 Europe/Berlin] Students fetched: Array
(
)

[06-Nov-2024 08:50:44 Europe/Berlin] Final Query: SELECT DISTINCT s.student_id, s.contact_number
              FROM student s
              JOIN announcement_year_level ayl ON s.year_level_id = ayl.year_level_id
              JOIN announcement_department ad ON s.department_id = ad.department_id
              JOIN announcement_course ac ON s.course_id = ac.course_id
              WHERE ayl.announcement_id = :announcement_id
              AND ad.announcement_id = :announcement_id
              AND ac.announcement_id = :announcement_id AND s.year_level_id IN (1,3) AND s.department_id IN (0) AND s.course_id IN (0)
[06-Nov-2024 08:50:44 Europe/Berlin] PHP Warning:  Array to string conversion in C:\xampp\htdocs\I-SMS\admin\upload.php on line 87
[06-Nov-2024 08:50:44 Europe/Berlin] PHP Warning:  Array to string conversion in C:\xampp\htdocs\I-SMS\admin\upload.php on line 87
[06-Nov-2024 08:50:44 Europe/Berlin] PHP Warning:  Array to string conversion in C:\xampp\htdocs\I-SMS\admin\upload.php on line 87
[06-Nov-2024 08:50:44 Europe/Berlin] Final Params: ArrayArrayArray
[06-Nov-2024 08:50:44 Europe/Berlin] Result: Array
(
)

[06-Nov-2024 08:50:44 Europe/Berlin] Students fetched: Array
(
)

[06-Nov-2024 08:52:59 Europe/Berlin] Final Query: SELECT DISTINCT s.student_id, s.contact_number
              FROM student s
              JOIN announcement_year_level ayl ON s.year_level_id = ayl.year_level_id
              JOIN announcement_department ad ON s.department_id = ad.department_id
              JOIN announcement_course ac ON s.course_id = ac.course_id
              WHERE ayl.announcement_id = :announcement_id
              AND ad.announcement_id = :announcement_id
              AND ac.announcement_id = :announcement_id AND s.year_level_id IN (1,3) AND s.department_id IN (0) AND s.course_id IN (0)
[06-Nov-2024 08:52:59 Europe/Berlin] Year Level Names: Array
(
    [0] => 1st Year
    [1] => 3rd Year
)

[06-Nov-2024 08:52:59 Europe/Berlin] Year Level IDs: Array
(
    [0] => 1
    [1] => 3
)

[06-Nov-2024 08:52:59 Europe/Berlin] Department Names: Array
(
    [0] => CICS
)

[06-Nov-2024 08:52:59 Europe/Berlin] Department IDs: Array
(
    [0] => 0
)

[06-Nov-2024 08:52:59 Europe/Berlin] Course Names: Array
(
    [0] => BSIT
)

[06-Nov-2024 08:52:59 Europe/Berlin] Course IDs: Array
(
    [0] => 0
)

[06-Nov-2024 08:52:59 Europe/Berlin] Result: Array
(
)

[06-Nov-2024 08:52:59 Europe/Berlin] Students fetched: Array
(
)

[06-Nov-2024 09:10:22 Europe/Berlin] Result with hard-coded IDs: Array
(
)

[06-Nov-2024 09:10:22 Europe/Berlin] Students fetched: Array
(
)

[06-Nov-2024 09:10:22 Europe/Berlin] getIdByName for year_level: Column year_level, Value 1st Year, Result: 1
[06-Nov-2024 09:10:22 Europe/Berlin] getIdByName for year_level: Column year_level, Value 3rd Year, Result: 3
[06-Nov-2024 09:10:22 Europe/Berlin] getIdByName for department: Column department_name, Value CICS, Result: 1
[06-Nov-2024 09:10:22 Europe/Berlin] getIdByName for course: Column course_name, Value BSIT, Result: 10
[06-Nov-2024 09:11:11 Europe/Berlin] Result with hard-coded IDs: Array
(
)

[06-Nov-2024 09:11:11 Europe/Berlin] Students fetched: Array
(
)

[06-Nov-2024 09:11:11 Europe/Berlin] getIdByName for year_level: Column year_level, Value 1st Year, Result: 1
[06-Nov-2024 09:11:11 Europe/Berlin] getIdByName for year_level: Column year_level, Value 3rd Year, Result: 3
[06-Nov-2024 09:11:11 Europe/Berlin] getIdByName for department: Column department_name, Value CICS, Result: 1
[06-Nov-2024 09:11:11 Europe/Berlin] getIdByName for course: Column course_name, Value BSIT, Result: 10
[06-Nov-2024 09:16:05 Europe/Berlin] getIdByName for year_level: Column year_level, Value 1st Year, Result: 1
[06-Nov-2024 09:16:05 Europe/Berlin] getIdByName for year_level: Column year_level, Value 3rd Year, Result: 3
[06-Nov-2024 09:16:05 Europe/Berlin] getIdByName for department: Column department_name, Value CICS, Result: 1
[06-Nov-2024 09:16:05 Europe/Berlin] getIdByName for course: Column course_name, Value BSIT, Result: 10
[06-Nov-2024 09:16:05 Europe/Berlin] Final Query: SELECT DISTINCT s.student_id, s.contact_number
              FROM student s
              JOIN announcement_year_level ayl ON s.year_level_id = ayl.year_level_id
              JOIN announcement_department ad ON s.department_id = ad.department_id
              JOIN announcement_course ac ON s.course_id = ac.course_id
              WHERE ayl.announcement_id = :announcement_id
              AND ad.announcement_id = :announcement_id
              AND ac.announcement_id = :announcement_id AND s.year_level_id IN (1,3) AND s.department_id IN (0) AND s.course_id IN (0)
[06-Nov-2024 09:16:05 Europe/Berlin] Year Level Names: Array
(
    [0] => 1st Year
    [1] => 3rd Year
)

[06-Nov-2024 09:16:05 Europe/Berlin] Year Level IDs: Array
(
    [0] => 1
    [1] => 3
)

[06-Nov-2024 09:16:05 Europe/Berlin] Department Names: Array
(
    [0] => CICS
)

[06-Nov-2024 09:16:05 Europe/Berlin] Department IDs: Array
(
    [0] => 0
)

[06-Nov-2024 09:16:05 Europe/Berlin] Course Names: Array
(
    [0] => BSIT
)

[06-Nov-2024 09:16:05 Europe/Berlin] Course IDs: Array
(
    [0] => 0
)

[06-Nov-2024 09:16:05 Europe/Berlin] Result: Array
(
)

[06-Nov-2024 09:16:05 Europe/Berlin] Students fetched: Array
(
)

[06-Nov-2024 09:16:05 Europe/Berlin] getIdByName for year_level: Column year_level, Value 1st Year, Result: 1
[06-Nov-2024 09:16:05 Europe/Berlin] getIdByName for year_level: Column year_level, Value 3rd Year, Result: 3
[06-Nov-2024 09:16:05 Europe/Berlin] getIdByName for department: Column department_name, Value CICS, Result: 1
[06-Nov-2024 09:16:05 Europe/Berlin] getIdByName for course: Column course_name, Value BSIT, Result: 10
[06-Nov-2024 09:20:01 Europe/Berlin] Students fetched: Array
(
    [0] => Array
        (
            [student_id] => 9
            [contact_number] => +639635242249
        )

    [1] => Array
        (
            [student_id] => 10
            [contact_number] => +639761316256
        )

)

[06-Nov-2024 09:20:02 Europe/Berlin] Sent SMS to +639635242249: {"messages":[{"messageId":"4308812029814335589033","status":{"description":"Message sent to next instance","groupId":1,"groupName":"PENDING","id":26,"name":"PENDING_ACCEPTED"},"to":"+639635242249"}]}
[06-Nov-2024 09:20:04 Europe/Berlin] Sent SMS to +639761316256: {"messages":[{"messageId":"4308812044994335409539","status":{"description":"Message sent to next instance","groupId":1,"groupName":"PENDING","id":26,"name":"PENDING_ACCEPTED"},"to":"+639761316256"}]}
[06-Nov-2024 09:20:04 Europe/Berlin] getIdByName for year_level: Column year_level, Value 1st Year, Result: 1
[06-Nov-2024 09:20:04 Europe/Berlin] getIdByName for year_level: Column year_level, Value 3rd Year, Result: 3
[06-Nov-2024 09:20:04 Europe/Berlin] getIdByName for department: Column department_name, Value CICS, Result: 1
[06-Nov-2024 09:20:04 Europe/Berlin] getIdByName for course: Column course_name, Value BSIT, Result: 10
[06-Nov-2024 09:23:19 Europe/Berlin] PHP Fatal error:  Uncaught TypeError: count(): Argument #1 ($value) must be of type Countable|array, string given in C:\xampp\htdocs\I-SMS\admin\upload.php:112
Stack trace:
#0 C:\xampp\htdocs\I-SMS\admin\upload.php(219): getStudentsForAnnouncement(Object(PDO), '65', Array, Array, Array)
#1 {main}
  thrown in C:\xampp\htdocs\I-SMS\admin\upload.php on line 112
[06-Nov-2024 09:24:46 Europe/Berlin] Students fetched: Array
(
    [0] => Array
        (
            [student_id] => 9
            [contact_number] => +639635242249
        )

)

[06-Nov-2024 09:24:48 Europe/Berlin] Sent SMS to +639635242249: {"messages":[{"messageId":"4308814883704335599507","status":{"description":"Message sent to next instance","groupId":1,"groupName":"PENDING","id":26,"name":"PENDING_ACCEPTED"},"to":"+639635242249"}]}
[06-Nov-2024 09:24:48 Europe/Berlin] getIdByName for year_level: Column year_level, Value 3rd Year, Result: 3
[06-Nov-2024 09:24:48 Europe/Berlin] getIdByName for department: Column department_name, Value CICS, Result: 1
[06-Nov-2024 09:24:48 Europe/Berlin] getIdByName for course: Column course_name, Value BSIT, Result: 10
[06-Nov-2024 09:26:07 Europe/Berlin] Students fetched: Array
(
    [0] => Array
        (
            [student_id] => 9
            [contact_number] => +639635242249
        )

)

[06-Nov-2024 09:26:09 Europe/Berlin] Sent SMS to +639635242249: {"messages":[{"messageId":"4308815697474335422544","status":{"description":"Message sent to next instance","groupId":1,"groupName":"PENDING","id":26,"name":"PENDING_ACCEPTED"},"to":"+639635242249"}]}
[06-Nov-2024 09:26:09 Europe/Berlin] getIdByName for year_level: Column year_level, Value 3rd Year, Result: 3
[06-Nov-2024 09:26:09 Europe/Berlin] getIdByName for department: Column department_name, Value CICS, Result: 1
[06-Nov-2024 09:26:09 Europe/Berlin] getIdByName for course: Column course_name, Value BSIT, Result: 10
[06-Nov-2024 09:27:14 Europe/Berlin] Students fetched: Array
(
    [0] => Array
        (
            [student_id] => 9
            [contact_number] => +639635242249
        )

    [1] => Array
        (
            [student_id] => 10
            [contact_number] => +639761316256
        )

)

[06-Nov-2024 09:27:16 Europe/Berlin] Sent SMS to +639635242249: {"messages":[{"messageId":"4308816369304335424554","status":{"description":"Message sent to next instance","groupId":1,"groupName":"PENDING","id":26,"name":"PENDING_ACCEPTED"},"to":"+639635242249"}]}
[06-Nov-2024 09:27:18 Europe/Berlin] Sent SMS to +639761316256: {"messages":[{"messageId":"4308816387914335784557","status":{"description":"Message sent to next instance","groupId":1,"groupName":"PENDING","id":26,"name":"PENDING_ACCEPTED"},"to":"+639761316256"}]}
[06-Nov-2024 09:27:18 Europe/Berlin] getIdByName for year_level: Column year_level, Value 1st Year, Result: 1
[06-Nov-2024 09:27:18 Europe/Berlin] getIdByName for year_level: Column year_level, Value 3rd Year, Result: 3
[06-Nov-2024 09:27:18 Europe/Berlin] getIdByName for department: Column department_name, Value CICS, Result: 1
[06-Nov-2024 09:27:18 Europe/Berlin] getIdByName for course: Column course_name, Value BSIT, Result: 10
[06-Nov-2024 09:31:02 Europe/Berlin] PHP Fatal error:  Uncaught TypeError: count(): Argument #1 ($value) must be of type Countable|array, string given in C:\xampp\htdocs\I-SMS\admin\upload.php:112
Stack trace:
#0 C:\xampp\htdocs\I-SMS\admin\upload.php(220): getStudentsForAnnouncement(Object(PDO), '69', Array, Array, Array)
#1 {main}
  thrown in C:\xampp\htdocs\I-SMS\admin\upload.php on line 112
[06-Nov-2024 09:32:40 Europe/Berlin] PHP Fatal error:  Uncaught TypeError: count(): Argument #1 ($value) must be of type Countable|array, string given in C:\xampp\htdocs\I-SMS\admin\upload.php:112
Stack trace:
#0 C:\xampp\htdocs\I-SMS\admin\upload.php(220): getStudentsForAnnouncement(Object(PDO), '70', Array, Array, Array)
#1 {main}
  thrown in C:\xampp\htdocs\I-SMS\admin\upload.php on line 112
[06-Nov-2024 09:32:48 Europe/Berlin] PHP Fatal error:  Uncaught TypeError: count(): Argument #1 ($value) must be of type Countable|array, string given in C:\xampp\htdocs\I-SMS\admin\upload.php:112
Stack trace:
#0 C:\xampp\htdocs\I-SMS\admin\upload.php(220): getStudentsForAnnouncement(Object(PDO), '71', Array, Array, Array)
#1 {main}
  thrown in C:\xampp\htdocs\I-SMS\admin\upload.php on line 112
[06-Nov-2024 09:34:11 Europe/Berlin] Students fetched: Array
(
)

[06-Nov-2024 09:34:11 Europe/Berlin] getIdByName for year_level: Column year_level, Value 3rd Year, Result: 3
[06-Nov-2024 09:34:11 Europe/Berlin] getIdByName for department: Column department_name, Value CICS, Result: 1
[06-Nov-2024 09:34:11 Europe/Berlin] getIdByName for course: Column course_name, Value BSIT, Result: 10
[06-Nov-2024 09:43:05 Europe/Berlin] Students fetched: Array
(
)

[06-Nov-2024 09:43:05 Europe/Berlin] getIdByName for year_level: Column year_level, Value 1st Year, Result: 1
[06-Nov-2024 09:43:05 Europe/Berlin] getIdByName for year_level: Column year_level, Value 3rd Year, Result: 3
[06-Nov-2024 09:43:05 Europe/Berlin] getIdByName for department: Column department_name, Value CICS, Result: 1
[06-Nov-2024 09:43:05 Europe/Berlin] getIdByName for course: Column course_name, Value BSIT, Result: 10
[06-Nov-2024 09:44:05 Europe/Berlin] PHP Fatal error:  Uncaught TypeError: count(): Argument #1 ($value) must be of type Countable|array, string given in C:\xampp\htdocs\I-SMS\admin\upload.php:112
Stack trace:
#0 C:\xampp\htdocs\I-SMS\admin\upload.php(220): getStudentsForAnnouncement(Object(PDO), '74', Array, Array, Array)
#1 {main}
  thrown in C:\xampp\htdocs\I-SMS\admin\upload.php on line 112
[06-Nov-2024 10:00:13 Europe/Berlin] PHP Fatal error:  Uncaught TypeError: count(): Argument #1 ($value) must be of type Countable|array, string given in C:\xampp\htdocs\I-SMS\admin\upload.php:112
Stack trace:
#0 C:\xampp\htdocs\I-SMS\admin\upload.php(222): getStudentsForAnnouncement(Object(PDO), '76', Array, Array, Array)
#1 {main}
  thrown in C:\xampp\htdocs\I-SMS\admin\upload.php on line 112
[06-Nov-2024 10:33:01 Europe/Berlin] PHP Fatal error:  Uncaught TypeError: count(): Argument #1 ($value) must be of type Countable|array, string given in C:\xampp\htdocs\I-SMS\admin\upload.php:112
Stack trace:
#0 C:\xampp\htdocs\I-SMS\admin\upload.php(220): getStudentsForAnnouncement(Object(PDO), '78', Array, Array, Array)
#1 {main}
  thrown in C:\xampp\htdocs\I-SMS\admin\upload.php on line 112
[06-Nov-2024 10:51:07 Europe/Berlin] Year Levels: Array
(
    [0] => 1st Year
    [1] => 3rd Year
)

[06-Nov-2024 10:51:07 Europe/Berlin] Departments: Array
(
    [0] => CICS
)

[06-Nov-2024 10:51:07 Europe/Berlin] Courses: Array
(
    [0] => BSIT
)

[06-Nov-2024 10:51:07 Europe/Berlin] PHP Fatal error:  Uncaught TypeError: count(): Argument #1 ($value) must be of type Countable|array, string given in C:\xampp\htdocs\I-SMS\admin\upload.php:117
Stack trace:
#0 C:\xampp\htdocs\I-SMS\admin\upload.php(229): getStudentsForAnnouncement(Object(PDO), '79', Array, Array, Array)
#1 {main}
  thrown in C:\xampp\htdocs\I-SMS\admin\upload.php on line 117
[06-Nov-2024 10:52:39 Europe/Berlin] Year Levels: Array
(
    [0] => 1st Year
    [1] => 3rd Year
)

[06-Nov-2024 10:52:39 Europe/Berlin] Departments: Array
(
    [0] => CICS
)

[06-Nov-2024 10:52:39 Europe/Berlin] Courses: Array
(
    [0] => BSIT
)

[06-Nov-2024 10:52:39 Europe/Berlin] getIdByName for year_level: Column year_level, Value 1st Year, Result: 1
[06-Nov-2024 10:52:39 Europe/Berlin] getIdByName for year_level: Column year_level, Value 3rd Year, Result: 3
[06-Nov-2024 10:52:39 Europe/Berlin] getIdByName for department: Column department_name, Value CICS, Result: 1
[06-Nov-2024 10:52:39 Europe/Berlin] getIdByName for course: Column course_name, Value BSIT, Result: 10
[06-Nov-2024 10:54:25 Europe/Berlin] Year Levels: Array
(
    [0] => 1st Year
    [1] => 3rd Year
)

[06-Nov-2024 10:54:25 Europe/Berlin] Departments: Array
(
    [0] => CICS
)

[06-Nov-2024 10:54:25 Europe/Berlin] Courses: Array
(
    [0] => BSIT
)

[06-Nov-2024 10:54:25 Europe/Berlin] getIdByName for year_level: Column year_level, Value 1st Year, Result: 1
[06-Nov-2024 10:54:25 Europe/Berlin] getIdByName for year_level: Column year_level, Value 3rd Year, Result: 3
[06-Nov-2024 10:54:25 Europe/Berlin] getIdByName for department: Column department_name, Value CICS, Result: 1
[06-Nov-2024 10:54:25 Europe/Berlin] getIdByName for course: Column course_name, Value BSIT, Result: 10
[06-Nov-2024 10:54:25 Europe/Berlin] Students retrieved: Array
(
)

[06-Nov-2024 10:54:25 Europe/Berlin] Students fetched: Array
(
)

[06-Nov-2024 10:54:25 Europe/Berlin] getIdByName for year_level: Column year_level, Value 1st Year, Result: 1
[06-Nov-2024 10:54:25 Europe/Berlin] getIdByName for year_level: Column year_level, Value 3rd Year, Result: 3
[06-Nov-2024 10:54:25 Europe/Berlin] getIdByName for department: Column department_name, Value CICS, Result: 1
[06-Nov-2024 10:54:25 Europe/Berlin] getIdByName for course: Column course_name, Value BSIT, Result: 10
[06-Nov-2024 11:07:16 Europe/Berlin] Result with hard-coded IDs: Array
(
)

[06-Nov-2024 11:07:16 Europe/Berlin] Students fetched: Array
(
)

[06-Nov-2024 11:07:16 Europe/Berlin] getIdByName for year_level: Column year_level, Value 1st Year, Result: 1
[06-Nov-2024 11:07:16 Europe/Berlin] getIdByName for year_level: Column year_level, Value 3rd Year, Result: 3
[06-Nov-2024 11:07:16 Europe/Berlin] getIdByName for department: Column department_name, Value CICS, Result: 1
[06-Nov-2024 11:07:16 Europe/Berlin] getIdByName for course: Column course_name, Value BSIT, Result: 10
[06-Nov-2024 11:08:32 Europe/Berlin] getIdByName for year_level: Column year_level, Value 1st Year, Result: 1
[06-Nov-2024 11:08:32 Europe/Berlin] getIdByName for year_level: Column year_level, Value 3rd Year, Result: 3
[06-Nov-2024 11:08:32 Europe/Berlin] getIdByName for department: Column department_name, Value CICS, Result: 1
[06-Nov-2024 11:08:32 Europe/Berlin] getIdByName for course: Column course_name, Value BSIT, Result: 10
[06-Nov-2024 11:08:32 Europe/Berlin] Final Query: SELECT DISTINCT s.student_id, s.contact_number
              FROM student s
              JOIN announcement_year_level ayl ON s.year_level_id = ayl.year_level_id
              JOIN announcement_department ad ON s.department_id = ad.department_id
              JOIN announcement_course ac ON s.course_id = ac.course_id
              WHERE ayl.announcement_id = :announcement_id
              AND ad.announcement_id = :announcement_id
              AND ac.announcement_id = :announcement_id AND s.year_level_id IN (1,3) AND s.department_id IN (0) AND s.course_id IN (0)
[06-Nov-2024 11:08:32 Europe/Berlin] Year Level Names: Array
(
    [0] => 1st Year
    [1] => 3rd Year
)

[06-Nov-2024 11:08:32 Europe/Berlin] Year Level IDs: Array
(
    [0] => 1
    [1] => 3
)

[06-Nov-2024 11:08:32 Europe/Berlin] Department Names: Array
(
    [0] => CICS
)

[06-Nov-2024 11:08:32 Europe/Berlin] Department IDs: Array
(
    [0] => 0
)

[06-Nov-2024 11:08:32 Europe/Berlin] Course Names: Array
(
    [0] => BSIT
)

[06-Nov-2024 11:08:32 Europe/Berlin] Course IDs: Array
(
    [0] => 0
)

[06-Nov-2024 11:08:32 Europe/Berlin] Result: Array
(
)

[06-Nov-2024 11:08:32 Europe/Berlin] Students fetched: Array
(
)

[06-Nov-2024 11:08:32 Europe/Berlin] getIdByName for year_level: Column year_level, Value 1st Year, Result: 1
[06-Nov-2024 11:08:32 Europe/Berlin] getIdByName for year_level: Column year_level, Value 3rd Year, Result: 3
[06-Nov-2024 11:08:32 Europe/Berlin] getIdByName for department: Column department_name, Value CICS, Result: 1
[06-Nov-2024 11:08:32 Europe/Berlin] getIdByName for course: Column course_name, Value BSIT, Result: 10
[06-Nov-2024 11:53:16 Europe/Berlin] getIdByName for year_level: Column year_level, Value 1st Year, Result: 1
[06-Nov-2024 11:53:16 Europe/Berlin] getIdByName for year_level: Column year_level, Value 3rd Year, Result: 3
[06-Nov-2024 11:53:16 Europe/Berlin] getIdByName for department: Column department_name, Value CICS, Result: 1
[06-Nov-2024 11:53:16 Europe/Berlin] getIdByName for course: Column course_name, Value BSIT, Result: 10
[06-Nov-2024 11:53:16 Europe/Berlin] Final Query: SELECT DISTINCT s.student_id, s.contact_number
              FROM student s
              LEFT JOIN announcement_year_level ayl ON s.year_level_id = ayl.year_level_id
              LEFT JOIN announcement_department ad ON s.department_id = ad.department_id
              LEFT JOIN announcement_course ac ON s.course_id = ac.course_id
              WHERE ayl.announcement_id = :announcement_id
              AND ad.announcement_id = :announcement_id
              AND ac.announcement_id = :announcement_id AND s.year_level_id IN (1,3) AND s.department_id IN (1) AND s.course_id IN (10)
[06-Nov-2024 11:53:16 Europe/Berlin] Year Level Names: Array
(
    [0] => 1st Year
    [1] => 3rd Year
)

[06-Nov-2024 11:53:16 Europe/Berlin] Year Level IDs: Array
(
    [0] => 1
    [1] => 3
)

[06-Nov-2024 11:53:16 Europe/Berlin] Department Names: Array
(
    [0] => CICS
)

[06-Nov-2024 11:53:16 Europe/Berlin] Department IDs: Array
(
    [0] => 1
)

[06-Nov-2024 11:53:16 Europe/Berlin] Course Names: Array
(
    [0] => BSIT
)

[06-Nov-2024 11:53:16 Europe/Berlin] Course IDs: Array
(
    [0] => 10
)

[06-Nov-2024 11:53:16 Europe/Berlin] Result: Array
(
)

[06-Nov-2024 11:53:16 Europe/Berlin] Students fetched: Array
(
)

[06-Nov-2024 11:53:16 Europe/Berlin] getIdByName for year_level: Column year_level, Value 1st Year, Result: 1
[06-Nov-2024 11:53:16 Europe/Berlin] getIdByName for year_level: Column year_level, Value 3rd Year, Result: 3
[06-Nov-2024 11:53:16 Europe/Berlin] getIdByName for department: Column department_name, Value CICS, Result: 1
[06-Nov-2024 11:53:16 Europe/Berlin] getIdByName for course: Column course_name, Value BSIT, Result: 10
[06-Nov-2024 11:55:59 Europe/Berlin] getIdByName for year_level: Column year_level, Value 1st Year, Result: 1
[06-Nov-2024 11:55:59 Europe/Berlin] getIdByName for year_level: Column year_level, Value 3rd Year, Result: 3
[06-Nov-2024 11:55:59 Europe/Berlin] getIdByName for department: Column department_name, Value CICS, Result: 1
[06-Nov-2024 11:55:59 Europe/Berlin] getIdByName for course: Column course_name, Value BSIT, Result: 10
[06-Nov-2024 11:58:03 Europe/Berlin] getIdByName for year_level: Column year_level, Value 1st Year, Result: 1
[06-Nov-2024 11:58:03 Europe/Berlin] getIdByName for year_level: Column year_level, Value 3rd Year, Result: 3
[06-Nov-2024 11:58:03 Europe/Berlin] getIdByName for department: Column department_name, Value CICS, Result: 1
[06-Nov-2024 11:58:03 Europe/Berlin] getIdByName for course: Column course_name, Value BSIT, Result: 10
[06-Nov-2024 11:58:03 Europe/Berlin] Result: Array
(
    [0] => Array
        (
            [student_id] => 9
            [contact_number] => +639635242249
        )

    [1] => Array
        (
            [student_id] => 10
            [contact_number] => +639761316256
        )

)

[06-Nov-2024 11:58:03 Europe/Berlin] Students fetched: Array
(
    [0] => Array
        (
            [student_id] => 9
            [contact_number] => +639635242249
        )

    [1] => Array
        (
            [student_id] => 10
            [contact_number] => +639761316256
        )

)

[06-Nov-2024 11:58:05 Europe/Berlin] Sent SMS to +639635242249: {"messages":[{"messageId":"4308906856614335556607","status":{"description":"Message sent to next instance","groupId":1,"groupName":"PENDING","id":26,"name":"PENDING_ACCEPTED"},"to":"+639635242249"}]}
[06-Nov-2024 11:58:06 Europe/Berlin] Sent SMS to +639761316256: {"messages":[{"messageId":"4308906871654335481846","status":{"description":"Message sent to next instance","groupId":1,"groupName":"PENDING","id":26,"name":"PENDING_ACCEPTED"},"to":"+639761316256"}]}
[06-Nov-2024 11:58:06 Europe/Berlin] getIdByName for year_level: Column year_level, Value 1st Year, Result: 1
[06-Nov-2024 11:58:06 Europe/Berlin] getIdByName for year_level: Column year_level, Value 3rd Year, Result: 3
[06-Nov-2024 11:58:06 Europe/Berlin] getIdByName for department: Column department_name, Value CICS, Result: 1
[06-Nov-2024 11:58:06 Europe/Berlin] getIdByName for course: Column course_name, Value BSIT, Result: 10
[06-Nov-2024 11:59:33 Europe/Berlin] getIdByName for year_level: Column year_level, Value 3rd Year, Result: 3
[06-Nov-2024 11:59:33 Europe/Berlin] getIdByName for department: Column department_name, Value CICS, Result: 1
[06-Nov-2024 11:59:33 Europe/Berlin] getIdByName for course: Column course_name, Value BSIT, Result: 10
[06-Nov-2024 11:59:33 Europe/Berlin] Result: Array
(
    [0] => Array
        (
            [student_id] => 9
            [contact_number] => +639635242249
        )

)

[06-Nov-2024 11:59:33 Europe/Berlin] Students fetched: Array
(
    [0] => Array
        (
            [student_id] => 9
            [contact_number] => +639635242249
        )

)

[06-Nov-2024 11:59:35 Europe/Berlin] Sent SMS to +639635242249: {"messages":[{"messageId":"4308907755034335559876","status":{"description":"Message sent to next instance","groupId":1,"groupName":"PENDING","id":26,"name":"PENDING_ACCEPTED"},"to":"+639635242249"}]}
[06-Nov-2024 11:59:35 Europe/Berlin] getIdByName for year_level: Column year_level, Value 3rd Year, Result: 3
[06-Nov-2024 11:59:35 Europe/Berlin] getIdByName for department: Column department_name, Value CICS, Result: 1
[06-Nov-2024 11:59:35 Europe/Berlin] getIdByName for course: Column course_name, Value BSIT, Result: 10
[06-Nov-2024 12:27:25 Europe/Berlin] getIdByName for year_level: Column year_level, Value 1st Year, Result: 1
[06-Nov-2024 12:27:25 Europe/Berlin] getIdByName for year_level: Column year_level, Value 3rd Year, Result: 3
[06-Nov-2024 12:27:25 Europe/Berlin] getIdByName for department: Column department_name, Value CICS, Result: 1
[06-Nov-2024 12:27:25 Europe/Berlin] getIdByName for course: Column course_name, Value BSIT, Result: 10
[06-Nov-2024 12:27:25 Europe/Berlin] Result: Array
(
    [0] => Array
        (
            [student_id] => 9
            [contact_number] => +639635242249
        )

    [1] => Array
        (
            [student_id] => 10
            [contact_number] => +639761316256
        )

)

[06-Nov-2024 12:27:25 Europe/Berlin] Students fetched: Array
(
    [0] => Array
        (
            [student_id] => 9
            [contact_number] => +639635242249
        )

    [1] => Array
        (
            [student_id] => 10
            [contact_number] => +639761316256
        )

)

[06-Nov-2024 12:27:27 Europe/Berlin] Sent SMS to +639635242249: {"messages":[{"messageId":"4308924477414335827182","status":{"description":"Message sent to next instance","groupId":1,"groupName":"PENDING","id":26,"name":"PENDING_ACCEPTED"},"to":"+639635242249"}]}
[06-Nov-2024 12:27:29 Europe/Berlin] Sent SMS to +639761316256: {"messages":[{"messageId":"4308924496034335538906","status":{"description":"Message sent to next instance","groupId":1,"groupName":"PENDING","id":26,"name":"PENDING_ACCEPTED"},"to":"+639761316256"}]}
[06-Nov-2024 12:27:29 Europe/Berlin] getIdByName for year_level: Column year_level, Value 1st Year, Result: 1
[06-Nov-2024 12:27:29 Europe/Berlin] getIdByName for year_level: Column year_level, Value 3rd Year, Result: 3
[06-Nov-2024 12:27:29 Europe/Berlin] getIdByName for department: Column department_name, Value CICS, Result: 1
[06-Nov-2024 12:27:29 Europe/Berlin] getIdByName for course: Column course_name, Value BSIT, Result: 10
[06-Nov-2024 12:32:58 Europe/Berlin] getIdByName for year_level: Column year_level, Value 3rd Year, Result: 3
[06-Nov-2024 12:32:58 Europe/Berlin] getIdByName for department: Column department_name, Value CICS, Result: 1
[06-Nov-2024 12:32:58 Europe/Berlin] getIdByName for course: Column course_name, Value BSIT, Result: 10
[06-Nov-2024 12:32:58 Europe/Berlin] Result: Array
(
    [0] => Array
        (
            [student_id] => 9
            [contact_number] => +639635242249
        )

)

[06-Nov-2024 12:32:58 Europe/Berlin] Students fetched: Array
(
    [0] => Array
        (
            [student_id] => 9
            [contact_number] => +639635242249
        )

)

[06-Nov-2024 12:32:59 Europe/Berlin] Sent SMS to +639635242249: {"messages":[{"messageId":"4308927800804335554380","status":{"description":"Message sent to next instance","groupId":1,"groupName":"PENDING","id":26,"name":"PENDING_ACCEPTED"},"to":"+639635242249"}]}
[06-Nov-2024 12:32:59 Europe/Berlin] getIdByName for year_level: Column year_level, Value 3rd Year, Result: 3
[06-Nov-2024 12:32:59 Europe/Berlin] getIdByName for department: Column department_name, Value CICS, Result: 1
[06-Nov-2024 12:32:59 Europe/Berlin] getIdByName for course: Column course_name, Value BSIT, Result: 10
[06-Nov-2024 12:36:13 Europe/Berlin] getIdByName for year_level: Column year_level, Value 3rd Year, Result: 3
[06-Nov-2024 12:36:13 Europe/Berlin] getIdByName for department: Column department_name, Value CICS, Result: 1
[06-Nov-2024 12:36:13 Europe/Berlin] getIdByName for course: Column course_name, Value BSIT, Result: 10
[06-Nov-2024 12:36:13 Europe/Berlin] Result: Array
(
    [0] => Array
        (
            [student_id] => 9
            [contact_number] => +639635242249
        )

)

[06-Nov-2024 12:36:13 Europe/Berlin] Students fetched: Array
(
    [0] => Array
        (
            [student_id] => 9
            [contact_number] => +639635242249
        )

)

[06-Nov-2024 12:36:15 Europe/Berlin] Sent SMS to +639635242249: {"messages":[{"messageId":"4308929758674335849463","status":{"description":"Message sent to next instance","groupId":1,"groupName":"PENDING","id":26,"name":"PENDING_ACCEPTED"},"to":"+639635242249"}]}
[06-Nov-2024 12:36:15 Europe/Berlin] getIdByName for year_level: Column year_level, Value 3rd Year, Result: 3
[06-Nov-2024 12:36:15 Europe/Berlin] getIdByName for department: Column department_name, Value CICS, Result: 1
[06-Nov-2024 12:36:15 Europe/Berlin] getIdByName for course: Column course_name, Value BSIT, Result: 10
